Number of threads is 25.
generating uniform projection
0 Reading data from ../h5_max_contour/g1040_0016_binary_search.h5
0 Finish reading data
rank  0, cnt =    1
rank  1, cnt =    1
rank  2, cnt =    1
rank  3, cnt =    1
rank  4, cnt =    1
rank  5, cnt =    1
rank  6, cnt =    1
rank  7, cnt =    1
rank  8, cnt =    1
rank  9, cnt =    1
rank 10, cnt =    1
rank 11, cnt =    1
rank 12, cnt =    1
rank 13, cnt =    1
rank 14, cnt =    1
rank 15, cnt =    1
rank 16, cnt =    1
rank 17, cnt =    1
rank 18, cnt =    1
rank 19, cnt =    1
rank 20, cnt =    1
rank 21, cnt =    1
rank 22, cnt =    1
rank 23, cnt =    1
rank 24, cnt =    1
rank  9, cnt =    2
rank 14, cnt =    2
rank 20, cnt =    2
rank 16, cnt =    2
rank 12, cnt =    2
rank 10, cnt =    2
rank 21, cnt =    2
rank 18, cnt =    2
rank 22, cnt =    2
rank  1, cnt =    2
rank 19, cnt =    2
rank 17, cnt =    2
rank  4, cnt =    2
rank  6, cnt =    2
rank  7, cnt =    2
rank 23, cnt =    2
rank  3, cnt =    2
rank 24, cnt =    2
rank 11, cnt =    2
rank  5, cnt =    2
rank 13, cnt =    2
rank 15, cnt =    2
rank  0, cnt =    2
rank  2, cnt =    2
rank  8, cnt =    2
rank  9, cnt =    3
rank 20, cnt =    3
rank 16, cnt =    3
rank 18, cnt =    3
rank 10, cnt =    3
rank 12, cnt =    3
rank  1, cnt =    3
rank 14, cnt =    3
rank  3, cnt =    3
rank 21, cnt =    3
rank 19, cnt =    3
rank 22, cnt =    3
rank 17, cnt =    3
rank  6, cnt =    3
rank  7, cnt =    3
rank 11, cnt =    3
rank  4, cnt =    3
rank 24, cnt =    3
rank 13, cnt =    3
rank  2, cnt =    3
rank 23, cnt =    3
rank  5, cnt =    3
rank  0, cnt =    3
rank 15, cnt =    3
rank 20, cnt =    4
rank  9, cnt =    4
rank 16, cnt =    4
rank  8, cnt =    3
rank 10, cnt =    4
rank 18, cnt =    4
rank 12, cnt =    4
rank  1, cnt =    4
rank  3, cnt =    4
rank 11, cnt =    4
rank 21, cnt =    4
rank  7, cnt =    4
rank 19, cnt =    4
rank  6, cnt =    4
rank  4, cnt =    4
rank 24, cnt =    4
rank 22, cnt =    4
rank 13, cnt =    4
rank 14, cnt =    4
rank  2, cnt =    4
rank 17, cnt =    4
rank  5, cnt =    4
rank  0, cnt =    4
rank 20, cnt =    5
rank  9, cnt =    5
rank 23, cnt =    4
rank 16, cnt =    5
rank 10, cnt =    5
rank 18, cnt =    5
rank 12, cnt =    5
rank  1, cnt =    5
rank  3, cnt =    5
rank 15, cnt =    4
rank  8, cnt =    4
rank 21, cnt =    5
rank  6, cnt =    5
rank 19, cnt =    5
rank 11, cnt =    5
rank  4, cnt =    5
rank  7, cnt =    5
rank 24, cnt =    5
rank 22, cnt =    5
rank 14, cnt =    5
rank  2, cnt =    5
rank 20, cnt =    6
rank 13, cnt =    5
rank  5, cnt =    5
rank  0, cnt =    5
rank  9, cnt =    6
rank 10, cnt =    6
rank 16, cnt =    6
rank 18, cnt =    6
rank 17, cnt =    5
rank  3, cnt =    6
rank 23, cnt =    5
rank  1, cnt =    6
rank 12, cnt =    6
rank  6, cnt =    6
rank 11, cnt =    6
rank  4, cnt =    6
rank 15, cnt =    5
rank 14, cnt =    6
rank 21, cnt =    6
rank 24, cnt =    6
rank 19, cnt =    6
rank  8, cnt =    5
rank 20, cnt =    7
rank  0, cnt =    6
rank 22, cnt =    6
rank  2, cnt =    6
rank  5, cnt =    6
rank  9, cnt =    7
rank 16, cnt =    7
rank  7, cnt =    6
rank 18, cnt =    7
rank  3, cnt =    7
rank  1, cnt =    7
rank 10, cnt =    7
rank 12, cnt =    7
rank 17, cnt =    6
rank 23, cnt =    6
rank 13, cnt =    6
rank 24, cnt =    7
rank 14, cnt =    7
rank  6, cnt =    7
rank 11, cnt =    7
rank 20, cnt =    8
rank 21, cnt =    7
rank  4, cnt =    7
rank  8, cnt =    6
rank  2, cnt =    7
rank 19, cnt =    7
rank 16, cnt =    8
rank 18, cnt =    8
rank  9, cnt =    8
rank  5, cnt =    7
rank  0, cnt =    7
rank  3, cnt =    8
rank  7, cnt =    7
rank  1, cnt =    8
rank 15, cnt =    6
rank 23, cnt =    7
rank 12, cnt =    8
rank 17, cnt =    7
rank 22, cnt =    7
rank 13, cnt =    7
rank 14, cnt =    8
rank 10, cnt =    8
rank 11, cnt =    8
rank 20, cnt =    9
rank 24, cnt =    8
rank  6, cnt =    8
rank  4, cnt =    8
rank 21, cnt =    8
rank  8, cnt =    7
rank  2, cnt =    8
rank 18, cnt =    9
rank  9, cnt =    9
rank 16, cnt =    9
rank  3, cnt =    9
rank  5, cnt =    8
rank 19, cnt =    8
rank  1, cnt =    9
rank 12, cnt =    9
rank  0, cnt =    8
rank 23, cnt =    8
rank 14, cnt =    9
rank 22, cnt =    8
rank 17, cnt =    8
rank 15, cnt =    7
rank  7, cnt =    8
rank 13, cnt =    8
rank 20, cnt =   10
rank 10, cnt =    9
rank 24, cnt =    9
rank 11, cnt =    9
rank 21, cnt =    9
rank  6, cnt =    9
rank  9, cnt =   10
rank 18, cnt =   10
rank 12, cnt =   10
rank 16, cnt =   10
rank  2, cnt =    9
rank  3, cnt =   10
rank 19, cnt =    9
rank  8, cnt =    8
rank  5, cnt =    9
rank  1, cnt =   10
rank  4, cnt =    9
rank 23, cnt =    9
rank 14, cnt =   10
rank  0, cnt =    9
rank 22, cnt =    9
rank 20, cnt =   11
rank 10, cnt =   10
rank 13, cnt =    9
rank 24, cnt =   10
rank 11, cnt =   10
rank 15, cnt =    8
rank  7, cnt =    9
rank  9, cnt =   11
rank 17, cnt =    9
rank  6, cnt =   10
rank 18, cnt =   11
rank 21, cnt =   10
rank 12, cnt =   11
rank  3, cnt =   11
rank 16, cnt =   11
rank  2, cnt =   10
rank  1, cnt =   11
rank  5, cnt =   10
rank 23, cnt =   10
rank 19, cnt =   10
rank  8, cnt =    9
rank  4, cnt =   10
rank 14, cnt =   11
rank 20, cnt =   12
rank 10, cnt =   11
rank  0, cnt =   10
rank 11, cnt =   11
rank  9, cnt =   12
rank 24, cnt =   11
rank 13, cnt =   10
rank 15, cnt =    9
rank 18, cnt =   12
rank  7, cnt =   10
rank  3, cnt =   12
rank 22, cnt =   10
rank 16, cnt =   12
rank 21, cnt =   11
rank  1, cnt =   12
rank 17, cnt =   10
rank 12, cnt =   12
rank  6, cnt =   11
rank  5, cnt =   11
rank 23, cnt =   11
rank  8, cnt =   10
rank 19, cnt =   11
rank 14, cnt =   12
rank 20, cnt =   13
rank  2, cnt =   11
rank 11, cnt =   12
rank  4, cnt =   11
rank  9, cnt =   13
rank  0, cnt =   11
rank 10, cnt =   12
rank 24, cnt =   12
rank 18, cnt =   13
rank  3, cnt =   13
rank  7, cnt =   11
rank  1, cnt =   13
rank 16, cnt =   13
rank 21, cnt =   12
rank 12, cnt =   13
rank 13, cnt =   11
rank 17, cnt =   11
rank 15, cnt =   10
rank  5, cnt =   12
rank 20, cnt =   14
rank 19, cnt =   12
rank 23, cnt =   12
rank 14, cnt =   13
rank  8, cnt =   11
rank 22, cnt =   11
rank 11, cnt =   13
rank  6, cnt =   12
rank  9, cnt =   14
rank 10, cnt =   13
rank 18, cnt =   14
rank  3, cnt =   14
rank  0, cnt =   12
rank  2, cnt =   12
rank 24, cnt =   13
rank 16, cnt =   14
rank  1, cnt =   14
rank  4, cnt =   12
rank 12, cnt =   14
rank  7, cnt =   12
rank 21, cnt =   13
rank 20, cnt =   15
rank 17, cnt =   12
rank 13, cnt =   12
rank 15, cnt =   11
rank 11, cnt =   14
rank  5, cnt =   13
rank 23, cnt =   13
rank 19, cnt =   13
rank  8, cnt =   12
rank  9, cnt =   15
rank 18, cnt =   15
rank 10, cnt =   14
rank  3, cnt =   15
rank  6, cnt =   13
rank 14, cnt =   14
rank  0, cnt =   13
rank  1, cnt =   15
rank 16, cnt =   15
rank 24, cnt =   14
rank 22, cnt =   12
rank 12, cnt =   15
rank  2, cnt =   13
rank 20, cnt =   16
rank 21, cnt =   14
rank  7, cnt =   13
rank 11, cnt =   15
rank 17, cnt =   13
rank  4, cnt =   13
rank  9, cnt =   16
rank 18, cnt =   16
rank 13, cnt =   13
rank 19, cnt =   14
rank 10, cnt =   15
rank  3, cnt =   16
rank  8, cnt =   13
rank  0, cnt =   14
rank 23, cnt =   14
rank 15, cnt =   12
rank  6, cnt =   14
rank  1, cnt =   16
rank 16, cnt =   16
rank  5, cnt =   14
rank 14, cnt =   15
rank 12, cnt =   16
rank 20, cnt =   17
rank 24, cnt =   15
rank 21, cnt =   15
rank  2, cnt =   14
rank  7, cnt =   14
rank 11, cnt =   16
rank 22, cnt =   13
rank  9, cnt =   17
rank 10, cnt =   16
rank 18, cnt =   17
rank 17, cnt =   14
rank 19, cnt =   15
rank  3, cnt =   17
rank  1, cnt =   17
rank 16, cnt =   17
rank 13, cnt =   14
rank  0, cnt =   15
rank 14, cnt =   16
rank 23, cnt =   15
rank  6, cnt =   15
rank 12, cnt =   17
rank 15, cnt =   13
rank  8, cnt =   14
rank  4, cnt =   14
rank  5, cnt =   15
rank 11, cnt =   17
rank 20, cnt =   18
rank 21, cnt =   16
rank  7, cnt =   15
rank  9, cnt =   18
rank 24, cnt =   16
rank 18, cnt =   18
rank 10, cnt =   17
rank  2, cnt =   15
