Reading file ../h5/g1041_9015.h5 by-mass - {'target_mass': 402855975.61866176, 'min_threshold': 32, 'max_threshold': 35}
searching for 33.5 ...
mass for current contour is 412987627.37
33.5 is too low
searching for 34.25 ...
mass for current contour is 407436202.45
34.25 is too low
searching for 34.625 ...
mass for current contour is 404809651.73
34.625 is too low
searching for 34.8125 ...
mass for current contour is 403672883.29
34.8125 is too low
searching for 34.90625 ...
mass for current contour is 402995412.46
34.90625 is too low
searching for 34.953125 ...
mass for current contour is 402726079.99
34.953125 is too high
searching for 34.9296875 ...
mass for current contour is 402857153.08
34.9296875 is too low
searching for 34.94140625 ...
mass for current contour is 402792047.35
34.94140625 is too high
searching for 34.935546875 ...
mass for current contour is 402823993.74
34.935546875 is too high
searching for 34.9326171875 ...
mass for current contour is 402840031.33
34.9326171875 is too high
searching for 34.93115234375 ...
mass for current contour is 402848729.37
34.93115234375 is too high
searching for 34.930419921875 ...
mass for current contour is 402852781.35
34.930419921875 is too high
searching for 34.9300537109375 ...
mass for current contour is 402854737.44
34.9300537109375 is too high
searching for 34.92987060546875 ...
mass for current contour is 402856105.18
34.92987060546875 is too low
searching for 34.929962158203125 ...
mass for current contour is 402855191.53
34.929962158203125 is too high
searching for 34.92991638183594 ...
mass for current contour is 402855720.95
34.92991638183594 is too high
searching for 34.929893493652344 ...
mass for current contour is 402855860.67
34.929893493652344 is too high
searching for 34.92988204956055 ...
mass for current contour is 402855965.46
34.92988204956055 is too high
searching for 34.92987632751465 ...
mass for current contour is 402856000.39
34.92987632751465 is too low
searching for 34.9298791885376 ...
mass for current contour is 402855965.46
