Reading file ../h5/g1040_0016.h5 binary-search - {'min_threshold': 30, 'max_threshold': 35}
searching for 32.5 ...
32.5 is too low 
searching for 33.75 ...
searching for 33.125 ...
searching for 32.8125 ...
searching for 32.65625 ...
searching for 32.578125 ...
32.578125 is too low 
searching for 32.6171875 ...
searching for 32.59765625 ...
32.59765625 is too low 
searching for 32.607421875 ...
32.607421875 is too low 
searching for 32.6123046875 ...
searching for 32.60986328125 ...
searching for 32.608642578125 ...
32.608642578125 is too low 
searching for 32.6092529296875 ...
searching for 32.60894775390625 ...
searching for 32.608795166015625 ...
searching for 32.60871887207031 ...
32.60871887207031 is too low 
searching for 32.60875701904297 ...
searching for 32.60873794555664 ...
searching for 32.60872840881348 ...
searching for 32.608723640441895 ...
Reading file ../h5/g1041_9015.h5 by-mass - {'target_mass': 402855975.61866176, 'min_threshold': 32.608720645308495}
Traceback (most recent call last):
  File "get_data_in_contour.py", line 488, in <module>
    target_mass=target_mass[0], min_threshold=thresholds[1])
  File "get_data_in_contour.py", line 403, in main
    max_threshold = kwargs['max_threshold']
KeyError: 'max_threshold'
